<?xml version="1.0" encoding="UTF-8" ?>
<testsuite tests="6" failures="0" name="db.CatalogsTest" time="0.39" errors="0" skipped="0">
  <properties>
[...]
</properties>
  <testcase classname="db.CatalogsTest" name="testQuizzesLoad" time="0.39"/>
  <testcase classname="db.CatalogsTest" name="testStudentLoad" time="0"/>
  <testcase classname="db.CatalogsTest" name="testTeachersLoad" time="0"/>
  <testcase classname="db.CatalogsTest" name="testAnswersLoad" time="0"/>
  <testcase classname="db.CatalogsTest" name="testSolutionsLoad" time="0"/>
  <testcase classname="db.CatalogsTest" name="testQuestionsLoad" time="0"/>
</testsuite>